# JRE version: Java(TM) SE Runtime Environment (8.0_20-b26) (build 1.8.0_20-b26)
# Java VM: Java HotSpot(TM) 64-Bit Server VM (25.20-b23 mixed mode windows-amd64 compressed oops)
Heap:
 PSYoungGen      total 18944K, used 9215K [0x00000000eb500000, 0x00000000eca00000, 0x0000000100000000)
  eden space 16384K, 56% used [0x00000000eb500000,0x00000000ebdfffd8,0x00000000ec500000)
  from space 2560K, 0% used [0x00000000ec500000,0x00000000ec500000,0x00000000ec780000)
  to   space 2560K, 0% used [0x00000000ec780000,0x00000000ec780000,0x00000000eca00000)
 ParOldGen       total 20480K, used 3115K [0x00000000c1e00000, 0x00000000c3200000, 0x00000000eb500000)
  object space 20480K, 15% used [0x00000000c1e00000,0x00000000c210ad78,0x00000000c3200000)
 Metaspace       used 15042K, capacity 15222K, committed 15488K, reserved 1062912K
  class space    used 1785K, capacity 1824K, committed 1920K, reserved 1048576K
GC Heap History (4 events):
Event: 7.713 GC heap before
{Heap before GC invocations=1 (full 0):
 PSYoungGen      total 18944K, used 11321K [0x00000000eb500000, 0x00000000eca00000, 0x0000000100000000)
  eden space 16384K, 69% used [0x00000000eb500000,0x00000000ec00e5f0,0x00000000ec500000)
  from space 2560K, 0% used [0x00000000ec780000,0x00000000ec780000,0x00000000eca00000)
  to   space 2560K, 0% used [0x00000000ec500000,0x00000000ec500000,0x00000000ec780000)
 ParOldGen       total 44032K, used 0K [0x00000000c1e00000, 0x00000000c4900000, 0x00000000eb500000)
  object space 44032K, 0% used [0x00000000c1e00000,0x00000000c1e00000,0x00000000c4900000)
 Metaspace       used 11488K, capacity 11590K, committed 11648K, reserved 1062912K
  class space    used 1375K, capacity 1406K, committed 1408K, reserved 1048576K
Event: 7.722 GC heap after
Heap after GC invocations=1 (full 0):
 PSYoungGen      total 18944K, used 2557K [0x00000000eb500000, 0x00000000eca00000, 0x0000000100000000)
  eden space 16384K, 0% used [0x00000000eb500000,0x00000000eb500000,0x00000000ec500000)
  from space 2560K, 99% used [0x00000000ec500000,0x00000000ec77f500,0x00000000ec780000)
  to   space 2560K, 0% used [0x00000000ec780000,0x00000000ec780000,0x00000000eca00000)
 ParOldGen       total 44032K, used 755K [0x00000000c1e00000, 0x00000000c4900000, 0x00000000eb500000)
  object space 44032K, 1% used [0x00000000c1e00000,0x00000000c1ebcc88,0x00000000c4900000)
 Metaspace       used 11488K, capacity 11590K, committed 11648K, reserved 1062912K
  class space    used 1375K, capacity 1406K, committed 1408K, reserved 1048576K
}
Event: 7.723 GC heap before
{Heap before GC invocations=2 (full 1):
 PSYoungGen      total 18944K, used 2557K [0x00000000eb500000, 0x00000000eca00000, 0x0000000100000000)
  eden space 16384K, 0% used [0x00000000eb500000,0x00000000eb500000,0x00000000ec500000)
  from space 2560K, 99% used [0x00000000ec500000,0x00000000ec77f500,0x00000000ec780000)
  to   space 2560K, 0% used [0x00000000ec780000,0x00000000ec780000,0x00000000eca00000)
 ParOldGen       total 44032K, used 755K [0x00000000c1e00000, 0x00000000c4900000, 0x00000000eb500000)
  object space 44032K, 1% used [0x00000000c1e00000,0x00000000c1ebcc88,0x00000000c4900000)
 Metaspace       used 11488K, capacity 11590K, committed 11648K, reserved 1062912K
  class space    used 1375K, capacity 1406K, committed 1408K, reserved 1048576K
Event: 7.755 GC heap after
Heap after GC invocations=2 (full 1):
 PSYoungGen      total 18944K, used 0K [0x00000000eb500000, 0x00000000eca00000, 0x0000000100000000)
  eden space 16384K, 0% used [0x00000000eb500000,0x00000000eb500000,0x00000000ec500000)
  from space 2560K, 0% used [0x00000000ec500000,0x00000000ec500000,0x00000000ec780000)
  to   space 2560K, 0% used [0x00000000ec780000,0x00000000ec780000,0x00000000eca00000)
 ParOldGen       total 20480K, used 3115K [0x00000000c1e00000, 0x00000000c3200000, 0x00000000eb500000)
  object space 20480K, 15% used [0x00000000c1e00000,0x00000000c210ad78,0x00000000c3200000)
 Metaspace       used 11487K, capacity 11588K, committed 11648K, reserved 1060864K
  class space    used 1375K, capacity 1405K, committed 1408K, reserved 1048576K
}

